[FATAL] 2021-04-25 16:01:13.125 [main] L4J2Logging - Сообщение с уровнем FATAL
[ERROR] 2021-04-25 16:01:13.130 [main] L4J2Logging - Сообщение с уровнем ERROR
[WARN ] 2021-04-25 16:01:13.130 [main] L4J2Logging - Сообщение с уровнем WARNING
[INFO ] 2021-04-25 16:01:13.130 [main] L4J2Logging - Сообщение с уровнем INFO
[DEBUG] 2021-04-25 16:01:13.130 [main] L4J2Logging - Сообщение с уровнем DEBUG
[FATAL] 2021-04-25 16:05:07.604 [main] L4J2Logging - Сообщение с уровнем FATAL
[ERROR] 2021-04-25 16:05:07.611 [main] L4J2Logging - Сообщение с уровнем ERROR
[WARN ] 2021-04-25 16:05:07.612 [main] L4J2Logging - Сообщение с уровнем WARNING
[INFO ] 2021-04-25 16:05:07.613 [main] L4J2Logging - Сообщение с уровнем INFO
[DEBUG] 2021-04-25 16:05:07.614 [main] L4J2Logging - Сообщение с уровнем DEBUG
[FATAL] 2021-04-25 16:07:19.063 [main] L4J2Logging - Сообщение с уровнем FATAL
[ERROR] 2021-04-25 16:07:19.069 [main] L4J2Logging - Сообщение с уровнем ERROR
[WARN ] 2021-04-25 16:07:19.070 [main] L4J2Logging - Сообщение с уровнем WARNING
[INFO ] 2021-04-25 16:07:19.070 [main] L4J2Logging - Сообщение с уровнем INFO
[DEBUG] 2021-04-25 16:07:19.070 [main] L4J2Logging - Сообщение с уровнем DEBUG
[FATAL] 2021-04-25 16:14:20.476 [main] L4J2Logging - Сообщение с уровнем FATAL
[ERROR] 2021-04-25 16:14:20.482 [main] L4J2Logging - Сообщение с уровнем ERROR
[WARN ] 2021-04-25 16:14:20.482 [main] L4J2Logging - Сообщение с уровнем WARNING
[INFO ] 2021-04-25 16:14:20.482 [main] L4J2Logging - Сообщение с уровнем INFO
[DEBUG] 2021-04-25 16:14:20.482 [main] L4J2Logging - Сообщение с уровнем DEBUG
[FATAL] 2021-04-25 16:16:55.013 [main] L4J2Logging - Сообщение с уровнем FATAL
[ERROR] 2021-04-25 16:16:55.019 [main] L4J2Logging - Сообщение с уровнем ERROR
[WARN ] 2021-04-25 16:16:55.019 [main] L4J2Logging - Сообщение с уровнем WARNING
[INFO ] 2021-04-25 16:16:55.020 [main] L4J2Logging - Сообщение с уровнем INFO
[DEBUG] 2021-04-25 16:16:55.020 [main] L4J2Logging - Сообщение с уровнем DEBUG
